-------------------------------------------------------------------------------
Test set: TestSuite
-------------------------------------------------------------------------------
Tests run: 5, Failures: 1, Errors: 0, Skipped: 0, Time elapsed: 233.287 sec <<< FAILURE! - in TestSuite
createNullPet(com.pack.common.tests.BasePageTest)  Time elapsed: 71.183 sec  <<< FAILURE!
java.lang.AssertionError: Null Pet was not created expected [true] but found [false]
	at com.pack.common.tests.BasePageTest.createNullPet(BasePageTest.java:34)

